Analysis initiated from SIMULIA established products
Abaqus JOB Cantilever_3D
Abaqus 2022
Abaqus License Manager checked out the following licenses:
Abaqus/Standard checked out 5 tokens from Flexnet server engr-license2.grove.ad.uconn.edu.
<218 out of 240 licenses remain available>.
Begin Analysis Input File Processor
10/4/2025 7:37:43 PM
Run pre.exe
10/4/2025 7:37:50 PM
End Analysis Input File Processor
Begin Abaqus/Standard Analysis
10/4/2025 7:37:50 PM
Run standard.exe
10/4/2025 7:37:57 PM
End Abaqus/Standard Analysis
Begin SIM Wrap-up
10/4/2025 7:37:57 PM
Run SMASimUtility.exe
10/4/2025 7:37:57 PM
End SIM Wrap-up
Abaqus JOB Cantilever_3D COMPLETED
