Analysis initiated from SIMULIA established products
Abaqus JOB cantilever3d
Abaqus 2022
Abaqus License Manager checked out the following licenses:
Abaqus/Standard checked out 5 tokens from Flexnet server engr-license2.grove.ad.uconn.edu.
<142 out of 240 licenses remain available>.
Abaqus Warning: Your Abaqus license will expire in 17 days.
Begin Analysis Input File Processor
9/13/2025 4:19:58 PM
Run pre.exe
9/13/2025 4:20:03 PM
End Analysis Input File Processor
Begin Abaqus/Standard Analysis
9/13/2025 4:20:03 PM
Run standard.exe
9/13/2025 4:20:08 PM
End Abaqus/Standard Analysis
Begin SIM Wrap-up
9/13/2025 4:20:10 PM
Run SMASimUtility.exe
9/13/2025 4:20:10 PM
End SIM Wrap-up
Abaqus JOB cantilever3d COMPLETED
