Analysis initiated from SIMULIA established products
Abaqus JOB cantilever2d
Abaqus 2022
Abaqus License Manager checked out the following licenses:
Abaqus/Standard checked out 5 tokens from Flexnet server engr-license2.grove.ad.uconn.edu.
<142 out of 240 licenses remain available>.
Abaqus Warning: Your Abaqus license will expire in 17 days.
Begin Analysis Input File Processor
9/13/2025 4:25:33 PM
Run pre.exe
9/13/2025 4:25:37 PM
End Analysis Input File Processor
Begin Abaqus/Standard Analysis
9/13/2025 4:25:37 PM
Run standard.exe
9/13/2025 4:25:40 PM
End Abaqus/Standard Analysis
Begin SIM Wrap-up
9/13/2025 4:25:41 PM
Run SMASimUtility.exe
9/13/2025 4:25:41 PM
End SIM Wrap-up
Abaqus JOB cantilever2d COMPLETED
